<?xml version="1.0" encoding="UTF-8"?>
<testsuite xmlns:xsi="http://www.w3.org/2001/XMLSchema-instance" xsi:noNamespaceSchemaLocation="https://maven.apache.org/surefire/maven-surefire-plugin/xsd/surefire-test-report.xsd" version="3.0.2" name="sg.edu.nus.iss.d13revision.D13revisionApplicationTests" time="2.633" tests="1" errors="0" skipped="0" failures="0">
  <properties>
    <property name="java.specification.version" value="17"/>
    <property name="sun.cpu.isalist" value="amd64"/>
    <property name="sun.jnu.encoding" value="GBK"/>
    <property name="java.class.path" value="E:\javaworkshop\cicd-test\target\test-classes;E:\javaworkshop\cicd-test\target\classes;E:\maven-local-repository\org\springframework\boot\spring-boot-starter-thymeleaf\3.4.2\spring-boot-starter-thymeleaf-3.4.2.jar;E:\maven-local-repository\org\springframework\boot\spring-boot-starter\3.4.2\spring-boot-starter-3.4.2.jar;E:\maven-local-repository\org\springframework\boot\spring-boot-starter-logging\3.4.2\spring-boot-starter-logging-3.4.2.jar;E:\maven-local-repository\ch\qos\logback\logback-classic\1.5.16\logback-classic-1.5.16.jar;E:\maven-local-repository\ch\qos\logback\logback-core\1.5.16\logback-core-1.5.16.jar;E:\maven-local-repository\org\apache\logging\log4j\log4j-to-slf4j\2.24.3\log4j-to-slf4j-2.24.3.jar;E:\maven-local-repository\org\apache\logging\log4j\log4j-api\2.24.3\log4j-api-2.24.3.jar;E:\maven-local-repository\org\slf4j\jul-to-slf4j\2.0.16\jul-to-slf4j-2.0.16.jar;E:\maven-local-repository\jakarta\annotation\jakarta.annotation-api\2.1.1\jakarta.annotation-api-2.1.1.jar;E:\maven-local-repository\org\yaml\snakeyaml\2.3\snakeyaml-2.3.jar;E:\maven-local-repository\org\thymeleaf\thymeleaf-spring6\3.1.3.RELEASE\thymeleaf-spring6-3.1.3.RELEASE.jar;E:\maven-local-repository\org\thymeleaf\thymeleaf\3.1.3.RELEASE\thymeleaf-3.1.3.RELEASE.jar;E:\maven-local-repository\org\attoparser\attoparser\2.0.7.RELEASE\attoparser-2.0.7.RELEASE.jar;E:\maven-local-repository\org\unbescape\unbescape\1.1.6.RELEASE\unbescape-1.1.6.RELEASE.jar;E:\maven-local-repository\org\slf4j\slf4j-api\2.0.16\slf4j-api-2.0.16.jar;E:\maven-local-repository\org\springframework\boot\spring-boot-starter-web\3.4.2\spring-boot-starter-web-3.4.2.jar;E:\maven-local-repository\org\springframework\boot\spring-boot-starter-json\3.4.2\spring-boot-starter-json-3.4.2.jar;E:\maven-local-repository\com\fasterxml\jackson\core\jackson-databind\2.18.2\jackson-databind-2.18.2.jar;E:\maven-local-repository\com\fasterxml\jackson\core\jackson-annotations\2.18.2\jackson-annotations-2.18.2.jar;E:\maven-local-repository\com\fasterxml\jackson\core\jackson-core\2.18.2\jackson-core-2.18.2.jar;E:\maven-local-repository\com\fasterxml\jackson\datatype\jackson-datatype-jdk8\2.18.2\jackson-datatype-jdk8-2.18.2.jar;E:\maven-local-repository\com\fasterxml\jackson\datatype\jackson-datatype-jsr310\2.18.2\jackson-datatype-jsr310-2.18.2.jar;E:\maven-local-repository\com\fasterxml\jackson\module\jackson-module-parameter-names\2.18.2\jackson-module-parameter-names-2.18.2.jar;E:\maven-local-repository\org\springframework\boot\spring-boot-starter-tomcat\3.4.2\spring-boot-starter-tomcat-3.4.2.jar;E:\maven-local-repository\org\apache\tomcat\embed\tomcat-embed-core\10.1.34\tomcat-embed-core-10.1.34.jar;E:\maven-local-repository\org\apache\tomcat\embed\tomcat-embed-el\10.1.34\tomcat-embed-el-10.1.34.jar;E:\maven-local-repository\org\apache\tomcat\embed\tomcat-embed-websocket\10.1.34\tomcat-embed-websocket-10.1.34.jar;E:\maven-local-repository\org\springframework\spring-web\6.2.2\spring-web-6.2.2.jar;E:\maven-local-repository\org\springframework\spring-beans\6.2.2\spring-beans-6.2.2.jar;E:\maven-local-repository\io\micrometer\micrometer-observation\1.14.3\micrometer-observation-1.14.3.jar;E:\maven-local-repository\io\micrometer\micrometer-commons\1.14.3\micrometer-commons-1.14.3.jar;E:\maven-local-repository\org\springframework\spring-webmvc\6.2.2\spring-webmvc-6.2.2.jar;E:\maven-local-repository\org\springframework\spring-aop\6.2.2\spring-aop-6.2.2.jar;E:\maven-local-repository\org\springframework\spring-context\6.2.2\spring-context-6.2.2.jar;E:\maven-local-repository\org\springframework\spring-expression\6.2.2\spring-expression-6.2.2.jar;E:\maven-local-repository\com\github\javafaker\javafaker\1.0.2\javafaker-1.0.2.jar;E:\maven-local-repository\org\apache\commons\commons-lang3\3.17.0\commons-lang3-3.17.0.jar;E:\maven-local-repository\org\yaml\snakeyaml\1.23\snakeyaml-1.23-android.jar;E:\maven-local-repository\com\github\mifmif\generex\1.0.2\generex-1.0.2.jar;E:\maven-local-repository\dk\brics\automaton\automaton\1.11-8\automaton-1.11-8.jar;E:\maven-local-repository\org\springframework\boot\spring-boot-devtools\3.4.2\spring-boot-devtools-3.4.2.jar;E:\maven-local-repository\org\springframework\boot\spring-boot\3.4.2\spring-boot-3.4.2.jar;E:\maven-local-repository\org\springframework\boot\spring-boot-autoconfigure\3.4.2\spring-boot-autoconfigure-3.4.2.jar;E:\maven-local-repository\org\springframework\boot\spring-boot-starter-test\3.4.2\spring-boot-starter-test-3.4.2.jar;E:\maven-local-repository\org\springframework\boot\spring-boot-test\3.4.2\spring-boot-test-3.4.2.jar;E:\maven-local-repository\org\springframework\boot\spring-boot-test-autoconfigure\3.4.2\spring-boot-test-autoconfigure-3.4.2.jar;E:\maven-local-repository\com\jayway\jsonpath\json-path\2.9.0\json-path-2.9.0.jar;E:\maven-local-repository\jakarta\xml\bind\jakarta.xml.bind-api\4.0.2\jakarta.xml.bind-api-4.0.2.jar;E:\maven-local-repository\jakarta\activation\jakarta.activation-api\2.1.3\jakarta.activation-api-2.1.3.jar;E:\maven-local-repository\net\minidev\json-smart\2.5.1\json-smart-2.5.1.jar;E:\maven-local-repository\net\minidev\accessors-smart\2.5.1\accessors-smart-2.5.1.jar;E:\maven-local-repository\org\ow2\asm\asm\9.6\asm-9.6.jar;E:\maven-local-repository\org\assertj\assertj-core\3.26.3\assertj-core-3.26.3.jar;E:\maven-local-repository\net\bytebuddy\byte-buddy\1.15.11\byte-buddy-1.15.11.jar;E:\maven-local-repository\org\awaitility\awaitility\4.2.2\awaitility-4.2.2.jar;E:\maven-local-repository\org\hamcrest\hamcrest\2.2\hamcrest-2.2.jar;E:\maven-local-repository\org\junit\jupiter\junit-jupiter\5.11.4\junit-jupiter-5.11.4.jar;E:\maven-local-repository\org\junit\jupiter\junit-jupiter-api\5.11.4\junit-jupiter-api-5.11.4.jar;E:\maven-local-repository\org\opentest4j\opentest4j\1.3.0\opentest4j-1.3.0.jar;E:\maven-local-repository\org\junit\platform\junit-platform-commons\1.11.4\junit-platform-commons-1.11.4.jar;E:\maven-local-repository\org\apiguardian\apiguardian-api\1.1.2\apiguardian-api-1.1.2.jar;E:\maven-local-repository\org\junit\jupiter\junit-jupiter-params\5.11.4\junit-jupiter-params-5.11.4.jar;E:\maven-local-repository\org\junit\jupiter\junit-jupiter-engine\5.11.4\junit-jupiter-engine-5.11.4.jar;E:\maven-local-repository\org\junit\platform\junit-platform-engine\1.11.4\junit-platform-engine-1.11.4.jar;E:\maven-local-repository\org\mockito\mockito-core\5.14.2\mockito-core-5.14.2.jar;E:\maven-local-repository\net\bytebuddy\byte-buddy-agent\1.15.11\byte-buddy-agent-1.15.11.jar;E:\maven-local-repository\org\objenesis\objenesis\3.3\objenesis-3.3.jar;E:\maven-local-repository\org\mockito\mockito-junit-jupiter\5.14.2\mockito-junit-jupiter-5.14.2.jar;E:\maven-local-repository\org\skyscreamer\jsonassert\1.5.3\jsonassert-1.5.3.jar;E:\maven-local-repository\com\vaadin\external\google\android-json\0.0.20131108.vaadin1\android-json-0.0.20131108.vaadin1.jar;E:\maven-local-repository\org\springframework\spring-core\6.2.2\spring-core-6.2.2.jar;E:\maven-local-repository\org\springframework\spring-jcl\6.2.2\spring-jcl-6.2.2.jar;E:\maven-local-repository\org\springframework\spring-test\6.2.2\spring-test-6.2.2.jar;E:\maven-local-repository\org\xmlunit\xmlunit-core\2.10.0\xmlunit-core-2.10.0.jar;"/>
    <property name="java.vm.vendor" value="Oracle Corporation"/>
    <property name="sun.arch.data.model" value="64"/>
    <property name="user.variant" value=""/>
    <property name="java.vendor.url" value="https://java.oracle.com/"/>
    <property name="user.timezone" value="Asia/Singapore"/>
    <property name="os.name" value="Windows 11"/>
    <property name="java.vm.specification.version" value="17"/>
    <property name="sun.java.launcher" value="SUN_STANDARD"/>
    <property name="user.country" value="CN"/>
    <property name="sun.boot.library.path" value="E:\jdk\bin"/>
    <property name="sun.java.command" value="C:\Users\86182\AppData\Local\Temp\surefire8997725570225298174\surefirebooter-20250820133114972_3.jar C:\Users\86182\AppData\Local\Temp\surefire8997725570225298174 2025-08-20T13-31-14_524-jvmRun1 surefire-20250820133114972_1tmp surefire_0-20250820133114972_2tmp"/>
    <property name="jdk.debug" value="release"/>
    <property name="surefire.test.class.path" value="E:\javaworkshop\cicd-test\target\test-classes;E:\javaworkshop\cicd-test\target\classes;E:\maven-local-repository\org\springframework\boot\spring-boot-starter-thymeleaf\3.4.2\spring-boot-starter-thymeleaf-3.4.2.jar;E:\maven-local-repository\org\springframework\boot\spring-boot-starter\3.4.2\spring-boot-starter-3.4.2.jar;E:\maven-local-repository\org\springframework\boot\spring-boot-starter-logging\3.4.2\spring-boot-starter-logging-3.4.2.jar;E:\maven-local-repository\ch\qos\logback\logback-classic\1.5.16\logback-classic-1.5.16.jar;E:\maven-local-repository\ch\qos\logback\logback-core\1.5.16\logback-core-1.5.16.jar;E:\maven-local-repository\org\apache\logging\log4j\log4j-to-slf4j\2.24.3\log4j-to-slf4j-2.24.3.jar;E:\maven-local-repository\org\apache\logging\log4j\log4j-api\2.24.3\log4j-api-2.24.3.jar;E:\maven-local-repository\org\slf4j\jul-to-slf4j\2.0.16\jul-to-slf4j-2.0.16.jar;E:\maven-local-repository\jakarta\annotation\jakarta.annotation-api\2.1.1\jakarta.annotation-api-2.1.1.jar;E:\maven-local-repository\org\yaml\snakeyaml\2.3\snakeyaml-2.3.jar;E:\maven-local-repository\org\thymeleaf\thymeleaf-spring6\3.1.3.RELEASE\thymeleaf-spring6-3.1.3.RELEASE.jar;E:\maven-local-repository\org\thymeleaf\thymeleaf\3.1.3.RELEASE\thymeleaf-3.1.3.RELEASE.jar;E:\maven-local-repository\org\attoparser\attoparser\2.0.7.RELEASE\attoparser-2.0.7.RELEASE.jar;E:\maven-local-repository\org\unbescape\unbescape\1.1.6.RELEASE\unbescape-1.1.6.RELEASE.jar;E:\maven-local-repository\org\slf4j\slf4j-api\2.0.16\slf4j-api-2.0.16.jar;E:\maven-local-repository\org\springframework\boot\spring-boot-starter-web\3.4.2\spring-boot-starter-web-3.4.2.jar;E:\maven-local-repository\org\springframework\boot\spring-boot-starter-json\3.4.2\spring-boot-starter-json-3.4.2.jar;E:\maven-local-repository\com\fasterxml\jackson\core\jackson-databind\2.18.2\jackson-databind-2.18.2.jar;E:\maven-local-repository\com\fasterxml\jackson\core\jackson-annotations\2.18.2\jackson-annotations-2.18.2.jar;E:\maven-local-repository\com\fasterxml\jackson\core\jackson-core\2.18.2\jackson-core-2.18.2.jar;E:\maven-local-repository\com\fasterxml\jackson\datatype\jackson-datatype-jdk8\2.18.2\jackson-datatype-jdk8-2.18.2.jar;E:\maven-local-repository\com\fasterxml\jackson\datatype\jackson-datatype-jsr310\2.18.2\jackson-datatype-jsr310-2.18.2.jar;E:\maven-local-repository\com\fasterxml\jackson\module\jackson-module-parameter-names\2.18.2\jackson-module-parameter-names-2.18.2.jar;E:\maven-local-repository\org\springframework\boot\spring-boot-starter-tomcat\3.4.2\spring-boot-starter-tomcat-3.4.2.jar;E:\maven-local-repository\org\apache\tomcat\embed\tomcat-embed-core\10.1.34\tomcat-embed-core-10.1.34.jar;E:\maven-local-repository\org\apache\tomcat\embed\tomcat-embed-el\10.1.34\tomcat-embed-el-10.1.34.jar;E:\maven-local-repository\org\apache\tomcat\embed\tomcat-embed-websocket\10.1.34\tomcat-embed-websocket-10.1.34.jar;E:\maven-local-repository\org\springframework\spring-web\6.2.2\spring-web-6.2.2.jar;E:\maven-local-repository\org\springframework\spring-beans\6.2.2\spring-beans-6.2.2.jar;E:\maven-local-repository\io\micrometer\micrometer-observation\1.14.3\micrometer-observation-1.14.3.jar;E:\maven-local-repository\io\micrometer\micrometer-commons\1.14.3\micrometer-commons-1.14.3.jar;E:\maven-local-repository\org\springframework\spring-webmvc\6.2.2\spring-webmvc-6.2.2.jar;E:\maven-local-repository\org\springframework\spring-aop\6.2.2\spring-aop-6.2.2.jar;E:\maven-local-repository\org\springframework\spring-context\6.2.2\spring-context-6.2.2.jar;E:\maven-local-repository\org\springframework\spring-expression\6.2.2\spring-expression-6.2.2.jar;E:\maven-local-repository\com\github\javafaker\javafaker\1.0.2\javafaker-1.0.2.jar;E:\maven-local-repository\org\apache\commons\commons-lang3\3.17.0\commons-lang3-3.17.0.jar;E:\maven-local-repository\org\yaml\snakeyaml\1.23\snakeyaml-1.23-android.jar;E:\maven-local-repository\com\github\mifmif\generex\1.0.2\generex-1.0.2.jar;E:\maven-local-repository\dk\brics\automaton\automaton\1.11-8\automaton-1.11-8.jar;E:\maven-local-repository\org\springframework\boot\spring-boot-devtools\3.4.2\spring-boot-devtools-3.4.2.jar;E:\maven-local-repository\org\springframework\boot\spring-boot\3.4.2\spring-boot-3.4.2.jar;E:\maven-local-repository\org\springframework\boot\spring-boot-autoconfigure\3.4.2\spring-boot-autoconfigure-3.4.2.jar;E:\maven-local-repository\org\springframework\boot\spring-boot-starter-test\3.4.2\spring-boot-starter-test-3.4.2.jar;E:\maven-local-repository\org\springframework\boot\spring-boot-test\3.4.2\spring-boot-test-3.4.2.jar;E:\maven-local-repository\org\springframework\boot\spring-boot-test-autoconfigure\3.4.2\spring-boot-test-autoconfigure-3.4.2.jar;E:\maven-local-repository\com\jayway\jsonpath\json-path\2.9.0\json-path-2.9.0.jar;E:\maven-local-repository\jakarta\xml\bind\jakarta.xml.bind-api\4.0.2\jakarta.xml.bind-api-4.0.2.jar;E:\maven-local-repository\jakarta\activation\jakarta.activation-api\2.1.3\jakarta.activation-api-2.1.3.jar;E:\maven-local-repository\net\minidev\json-smart\2.5.1\json-smart-2.5.1.jar;E:\maven-local-repository\net\minidev\accessors-smart\2.5.1\accessors-smart-2.5.1.jar;E:\maven-local-repository\org\ow2\asm\asm\9.6\asm-9.6.jar;E:\maven-local-repository\org\assertj\assertj-core\3.26.3\assertj-core-3.26.3.jar;E:\maven-local-repository\net\bytebuddy\byte-buddy\1.15.11\byte-buddy-1.15.11.jar;E:\maven-local-repository\org\awaitility\awaitility\4.2.2\awaitility-4.2.2.jar;E:\maven-local-repository\org\hamcrest\hamcrest\2.2\hamcrest-2.2.jar;E:\maven-local-repository\org\junit\jupiter\junit-jupiter\5.11.4\junit-jupiter-5.11.4.jar;E:\maven-local-repository\org\junit\jupiter\junit-jupiter-api\5.11.4\junit-jupiter-api-5.11.4.jar;E:\maven-local-repository\org\opentest4j\opentest4j\1.3.0\opentest4j-1.3.0.jar;E:\maven-local-repository\org\junit\platform\junit-platform-commons\1.11.4\junit-platform-commons-1.11.4.jar;E:\maven-local-repository\org\apiguardian\apiguardian-api\1.1.2\apiguardian-api-1.1.2.jar;E:\maven-local-repository\org\junit\jupiter\junit-jupiter-params\5.11.4\junit-jupiter-params-5.11.4.jar;E:\maven-local-repository\org\junit\jupiter\junit-jupiter-engine\5.11.4\junit-jupiter-engine-5.11.4.jar;E:\maven-local-repository\org\junit\platform\junit-platform-engine\1.11.4\junit-platform-engine-1.11.4.jar;E:\maven-local-repository\org\mockito\mockito-core\5.14.2\mockito-core-5.14.2.jar;E:\maven-local-repository\net\bytebuddy\byte-buddy-agent\1.15.11\byte-buddy-agent-1.15.11.jar;E:\maven-local-repository\org\objenesis\objenesis\3.3\objenesis-3.3.jar;E:\maven-local-repository\org\mockito\mockito-junit-jupiter\5.14.2\mockito-junit-jupiter-5.14.2.jar;E:\maven-local-repository\org\skyscreamer\jsonassert\1.5.3\jsonassert-1.5.3.jar;E:\maven-local-repository\com\vaadin\external\google\android-json\0.0.20131108.vaadin1\android-json-0.0.20131108.vaadin1.jar;E:\maven-local-repository\org\springframework\spring-core\6.2.2\spring-core-6.2.2.jar;E:\maven-local-repository\org\springframework\spring-jcl\6.2.2\spring-jcl-6.2.2.jar;E:\maven-local-repository\org\springframework\spring-test\6.2.2\spring-test-6.2.2.jar;E:\maven-local-repository\org\xmlunit\xmlunit-core\2.10.0\xmlunit-core-2.10.0.jar;"/>
    <property name="sun.cpu.endian" value="little"/>
    <property name="user.home" value="C:\Users\86182"/>
    <property name="user.language" value="zh"/>
    <property name="java.specification.vendor" value="Oracle Corporation"/>
    <property name="java.version.date" value="2024-07-16"/>
    <property name="java.home" value="E:\jdk"/>
    <property name="file.separator" value="\"/>
    <property name="basedir" value="E:\javaworkshop\cicd-test"/>
    <property name="java.vm.compressedOopsMode" value="Zero based"/>
    <property name="line.separator" value="&#10;"/>
    <property name="java.vm.specification.vendor" value="Oracle Corporation"/>
    <property name="java.specification.name" value="Java Platform API Specification"/>
    <property name="FILE_LOG_CHARSET" value="GBK"/>
    <property name="java.awt.headless" value="true"/>
    <property name="surefire.real.class.path" value="C:\Users\86182\AppData\Local\Temp\surefire8997725570225298174\surefirebooter-20250820133114972_3.jar"/>
    <property name="user.script" value=""/>
    <property name="sun.management.compiler" value="HotSpot 64-Bit Tiered Compilers"/>
    <property name="java.runtime.version" value="17.0.12+8-LTS-286"/>
    <property name="user.name" value="86182"/>
    <property name="path.separator" value=";"/>
    <property name="os.version" value="10.0"/>
    <property name="java.runtime.name" value="Java(TM) SE Runtime Environment"/>
    <property name="file.encoding" value="GBK"/>
    <property name="java.vm.name" value="Java HotSpot(TM) 64-Bit Server VM"/>
    <property name="localRepository" value="E:\maven-local-repository"/>
    <property name="java.vendor.url.bug" value="https://bugreport.java.com/bugreport/"/>
    <property name="java.io.tmpdir" value="C:\Users\86182\AppData\Local\Temp\"/>
    <property name="java.version" value="17.0.12"/>
    <property name="user.dir" value="E:\javaworkshop\cicd-test"/>
    <property name="os.arch" value="amd64"/>
    <property name="java.vm.specification.name" value="Java Virtual Machine Specification"/>
    <property name="PID" value="29572"/>
    <property name="sun.os.patch.level" value=""/>
    <property name="CONSOLE_LOG_CHARSET" value="GBK"/>
    <property name="native.encoding" value="GBK"/>
    <property name="java.library.path" value="E:\jdk\bin;C:\WINDOWS\Sun\Java\bin;C:\WINDOWS\system32;C:\WINDOWS;C:\Program Files\Common Files\Oracle\Java\javapath;C:\Program Files\NVIDIA GPU Computing Toolkit\CUDA\v12.4\bin;C:\Program Files\NVIDIA GPU Computing Toolkit\CUDA\v12.4\libnvvp;C:\Program Files\NVIDIA GPU Computing Toolkit\CUDA\v10.2\bin;C:\Program Files\NVIDIA GPU Computing Toolkit\CUDA\v10.2\libnvvp;C:\Program Files (x86)\Common Files\Oracle\Java\javapath;C:\Program Files\Python311\Scripts\;C:\Program Files\Python311\;C:\Users\86182\PycharmProjects\pythonProject\venv\Scripts;C:\Program Files (x86)\Common Files\Intel\Shared Libraries\redist\intel64\compiler;C:\Windows\system32;C:\Windows;C:\Windows\System32\Wbem;C:\Windows\System32\WindowsPowerShell\v1.0\;C:\Windows\System32\OpenSSH\;C:\Program Files (x86)\NVIDIA Corporation\PhysX\Common;C:\WINDOWS\system32;C:\WINDOWS;C:\WINDOWS\System32\Wbem;C:\WINDOWS\System32\WindowsPowerShell\v1.0\;C:\WINDOWS\System32\OpenSSH\;C:\Program Files\Microsoft SQL Server\130\Tools\Binn\;E:\Git\cmd;C:\Users\86182\PycharmProjects\pythonProject\venv\Lib;C:\Users\86182\PycharmProjects\pythonProject\venv\Lib\site-packages;C:\Program Files (x86)\Microsoft SQL Server\160\Tools\Binn\;C:\Program Files\Microsoft SQL Server\160\Tools\Binn\;C:\Program Files\Microsoft SQL Server\Client SDK\ODBC\170\Tools\Binn\;C:\Program Files\Microsoft SQL Server\160\DTS\Binn\;C:\Program Files\Azure Data Studio\bin;E:\Matlab\runtime\win64;E:\Matlab\bin;C:\Program Files (x86)\Windows Kits\10\Windows Performance Toolkit\;C:\Program Files\Microsoft SQL Server\130\DTS\Binn\;C:\Program Files\Microsoft SQL Server\140\DTS\Binn\;C:\Program Files\Microsoft SQL Server\150\DTS\Binn\;&quot;C:\Program Files\Java\jdk1.8.0_172\bin;C:\Program Files\Java\jdk1.8.0_172\jre\bin;&quot;;E:\anacondada\envs\pythree8\Scripts;C:\Program Files\Google\Chrome\Application;C:\Program Files\dotnet\;C:\Program Files\NVIDIA Corporation\Nsight Compute 2024.1.0\;E:\R-4.4.1\bin;;C:\Program Files\Zero Install;C:\Program Files\NVIDIA Corporation\NVIDIA app\NvDLISR;C:\WINDOWS\system32;C:\WINDOWS;C:\WINDOWS\System32\Wbem;C:\WINDOWS\System32\WindowsPowerShell\v1.0\;C:\WINDOWS\System32\OpenSSH\;c:\Users\86182\AppData\Local\Programs\cursor\resources\app\bin;C:\Program Files\Common Files\Autodesk Shared\;C:\Program Files\Microsoft SQL Server\120\Tools\Binn\;C:\Program Files\Azure Data Studio\bin;E:\opencv\opencv\build;E:\opencv\opencv\build\x64\vc16\bin;E:\ffmpeg-5.1.2-full_build-shared\bin;C:\Users\86182\AppData\Local\Microsoft\WindowsApps;C:\Program Files\NVIDIA GPU Computing Toolkit\CUDA\v12.4\lib\x64;C:\Program Files\NVIDIA GPU Computing Toolkit\CUDA\v12.4;E:\CLion 2024.1\bin;;C:\Users\86182\.dotnet\tools;E:\idea\IntelliJ IDEA 2025.2\bin;E:\maven\apache-maven-3.9.11-bin\apache-maven-3.9.11\bin;E:\Microsoft VS Code\bin;;."/>
    <property name="java.vm.info" value="mixed mode, sharing"/>
    <property name="java.vendor" value="Oracle Corporation"/>
    <property name="java.vm.version" value="17.0.12+8-LTS-286"/>
    <property name="sun.io.unicode.encoding" value="UnicodeLittle"/>
    <property name="java.class.version" value="61.0"/>
  </properties>
  <testcase name="contextLoads" classname="sg.edu.nus.iss.d13revision.D13revisionApplicationTests" time="0.816">
    <system-out><![CDATA[13:31:15.772 [main] INFO org.springframework.test.context.support.AnnotationConfigContextLoaderUtils -- Could not detect default configuration classes for test class [sg.edu.nus.iss.d13revision.D13revisionApplicationTests]: D13revisionApplicationTests does not declare any static, non-private, non-final, nested classes annotated with @Configuration.
13:31:15.868 [main] INFO org.springframework.boot.test.context.SpringBootTestContextBootstrapper -- Found @SpringBootConfiguration sg.edu.nus.iss.d13revision.D13revisionApplication for test class sg.edu.nus.iss.d13revision.D13revisionApplicationTests
13:31:16.021 [main] INFO org.springframework.boot.devtools.restart.RestartApplicationListener -- Restart disabled due to context in which it is running

  .   ____          _            __ _ _
 /\\ / ___'_ __ _ _(_)_ __  __ _ \ \ \ \
( ( )\___ | '_ | '_| | '_ \/ _` | \ \ \ \
 \\/  ___)| |_)| | | | | || (_| |  ) ) ) )
  '  |____| .__|_| |_|_| |_\__, | / / / /
 =========|_|==============|___/=/_/_/_/

 :: Spring Boot ::                (v3.4.2)

2025-08-20T13:31:16.263+08:00  INFO 29572 --- [           main] s.e.n.i.d.D13revisionApplicationTests    : Starting D13revisionApplicationTests using Java 17.0.12 with PID 29572 (started by 86182 in E:\javaworkshop\cicd-test)
2025-08-20T13:31:16.263+08:00  INFO 29572 --- [           main] s.e.n.i.d.D13revisionApplicationTests    : No active profile set, falling back to 1 default profile: "default"
2025-08-20T13:31:17.125+08:00  INFO 29572 --- [           main] o.s.b.a.w.s.WelcomePageHandlerMapping    : Adding welcome page template: index
2025-08-20T13:31:17.436+08:00  INFO 29572 --- [           main] s.e.n.i.d.D13revisionApplicationTests    : Started D13revisionApplicationTests in 1.429 seconds (process running for 2.21)
]]></system-out>
  </testcase>
</testsuite>